<?xml version="1.0" encoding="UTF-8"?>
  <testsuite name="ClusterLoaderV2" tests="0" failures="6" errors="0" time="7975.57">
      <testcase name="load overall (/opt/rke2/perf-tests/tests/load/config.yaml)" classname="ClusterLoaderV2" time="7975.57062247">
          <failure type="Failure">:0&#xA;[measurement call TestMetrics - TestMetrics error: [Stream error http2.StreamError{StreamID:0x25, Code:0x2, Cause:error(nil)} when reading response body, may be caused by closed connection. Please retry.]&#xA;measurement call WaitForControlledPodsRunning - WaitForRunningDeployments error: 137 objects timed out: Deployments: test-449s0c-4/small-deployment-81, test-449s0c-5/small-deployment-42, test-449s0c-1/small-deployment-115, test-a1er7g-5/medium-deployment-21, test-449s0c-9/small-deployment-154, test-a1er7g-1/small-deployment-109, test-449s0c-3/medium-deployment-0, test-a1er7g-3/small-deployment-118, test-449s0c-8/medium-deployment-2, test-449s0c-6/medium-deployment-3, test-a1er7g-2/medium-deployment-18, test-a1er7g-7/small-deployment-132, test-449s0c-9/small-deployment-186, test-a1er7g-1/small-deployment-13, test-a1er7g-1/small-deployment-134, test-449s0c-7/small-deployment-111, test-a1er7g-1/small-deployment-139, test-449s0c-6/small-deployment-240, test-449s0c-8/medium-deployment-0, test-a1er7g-1/big-deployment-2, test-449s0c-4/medium-deployment-17, test-449s0c-7/small-deployment-298, test-449s0c-5/small-deployment-128, test-449s0c-4/medium-deployment-14, test-a1er7g-2/small-deployment-35, test-449s0c-8/small-deployment-223, test-a1er7g-6/small-deployment-88, test-449s0c-9/small-deployment-81, test-449s0c-6/small-deployment-155, test-a1er7g-1/small-deployment-0, test-a1er7g-1/small-deployment-146, test-a1er7g-3/small-deployment-282, test-449s0c-1/medium-deployment-24, test-a1er7g-9/small-deployment-170, test-a1er7g-7/small-deployment-198, test-449s0c-6/medium-deployment-0, test-449s0c-4/small-deployment-0, test-449s0c-6/medium-deployment-17, test-a1er7g-8/small-deployment-47, test-449s0c-9/small-deployment-138, test-449s0c-6/small-deployment-170, test-a1er7g-6/small-deployment-0, test-449s0c-1/small-deployment-182, test-449s0c-7/small-deployment-59, test-449s0c-7/small-deployment-86, test-449s0c-7/medium-deployment-6, test-449s0c-7/small-deployment-17, test-449s0c-4/small-deployment-266, test-a1er7g-4/medium-deployment-11, test-449s0c-2/small-deployment-259, test-449s0c-6/small-deployment-41, test-a1er7g-9/medium-deployment-4, test-a1er7g-9/small-deployment-106, test-a1er7g-5/small-deployment-190, test-449s0c-7/medium-deployment-13, test-a1er7g-7/small-deployment-269, test-449s0c-4/small-deployment-148, test-449s0c-2/medium-deployment-20, test-a1er7g-4/small-deployment-212, test-a1er7g-4/medium-deployment-0, test-a1er7g-3/small-deployment-138, test-449s0c-7/small-deployment-169, test-a1er7g-8/medium-deployment-1, test-449s0c-6/small-deployment-100, test-449s0c-1/small-deployment-166, test-449s0c-1/small-deployment-37, test-449s0c-6/small-deployment-178, test-449s0c-4/small-deployment-270, test-449s0c-6/small-deployment-214, test-449s0c-3/small-deployment-87, test-449s0c-7/small-deployment-77, test-a1er7g-2/medium-deployment-12, test-449s0c-1/medium-deployment-22, test-a1er7g-4/small-deployment-112, test-a1er7g-7/medium-deployment-11, test-a1er7g-5/big-deployment-1, test-449s0c-4/small-deployment-163, test-449s0c-2/small-deployment-298, test-a1er7g-5/small-deployment-194, test-a1er7g-4/small-deployment-259, test-449s0c-5/small-deployment-76, test-449s0c-9/small-deployment-280, test-a1er7g-2/medium-deployment-23, test-a1er7g-4/medium-deployment-13, test-a1er7g-7/small-deployment-298, test-a1er7g-2/small-deployment-240, test-a1er7g-9/medium-deployment-21, test-449s0c-2/small-deployment-257, test-449s0c-7/small-deployment-279, test-a1er7g-3/medium-deployment-16, test-a1er7g-5/small-deployment-259, test-a1er7g-2/small-deployment-140, test-449s0c-4/small-deployment-60, test-449s0c-9/small-deployment-289, test-449s0c-5/small-deployment-59, test-a1er7g-6/small-deployment-30, test-a1er7g-4/small-deployment-53, test-449s0c-8/medium-deployment-20, test-449s0c-9/small-deployment-158, test-449s0c-9/small-deployment-243, test-449s0c-3/small-deployment-25, test-449s0c-9/medium-deployment-23, test-a1er7g-2/big-deployment-0, test-449s0c-7/small-deployment-31, test-a1er7g-4/small-deployment-131, test-a1er7g-7/small-deployment-195, test-a1er7g-7/small-deployment-32, test-a1er7g-4/small-deployment-144, test-449s0c-3/medium-deployment-12, test-a1er7g-5/small-deployment-293, test-a1er7g-8/small-deployment-201, test-449s0c-8/small-deployment-117, test-449s0c-7/small-deployment-53, test-a1er7g-8/small-deployment-112, test-a1er7g-3/small-deployment-299, test-a1er7g-2/small-deployment-112, test-a1er7g-4/small-deployment-152, test-449s0c-3/small-deployment-145, test-a1er7g-5/small-deployment-17, test-449s0c-2/small-deployment-39, test-449s0c-5/small-deployment-34, test-449s0c-3/small-deployment-84, test-a1er7g-8/small-deployment-295, test-449s0c-8/small-deployment-272, test-449s0c-3/big-deployment-2, test-449s0c-6/small-deployment-98, test-449s0c-7/small-deployment-214, test-449s0c-9/small-deployment-256, test-449s0c-5/medium-deployment-0, test-449s0c-5/small-deployment-72, test-449s0c-3/small-deployment-186, test-449s0c-5/small-deployment-167, test-449s0c-9/small-deployment-174, test-449s0c-4/small-deployment-91, test-a1er7g-9/small-deployment-172, test-449s0c-5/small-deployment-187, test-449s0c-8/small-deployment-122&#xA;measurement call WaitForControlledPodsRunning - WaitForRunningDeployments error: 83 objects timed out: Deployments: test-449s0c-3/small-deployment-145, test-449s0c-2/small-deployment-39, test-449s0c-5/small-deployment-34, test-449s0c-3/small-deployment-84, test-449s0c-8/small-deployment-272, test-449s0c-3/big-deployment-2, test-449s0c-6/small-deployment-98, test-449s0c-7/small-deployment-214, test-449s0c-9/small-deployment-256, test-449s0c-5/medium-deployment-0, test-449s0c-5/small-deployment-72, test-449s0c-3/small-deployment-186, test-449s0c-5/small-deployment-167, test-449s0c-9/small-deployment-174, test-449s0c-4/small-deployment-91, test-449s0c-5/small-deployment-187, test-449s0c-8/small-deployment-122, test-449s0c-4/small-deployment-81, test-449s0c-5/small-deployment-42, test-449s0c-1/small-deployment-115, test-449s0c-9/small-deployment-154, test-449s0c-3/medium-deployment-0, test-a1er7g-3/small-deployment-118, test-449s0c-8/medium-deployment-2, test-449s0c-6/medium-deployment-3, test-449s0c-9/small-deployment-186, test-449s0c-7/small-deployment-111, test-449s0c-6/small-deployment-240, test-449s0c-8/medium-deployment-0, test-449s0c-4/medium-deployment-17, test-449s0c-7/small-deployment-298, test-449s0c-5/small-deployment-128, test-449s0c-4/medium-deployment-14, test-449s0c-8/small-deployment-223, test-449s0c-9/small-deployment-81, test-449s0c-6/small-deployment-155, test-a1er7g-1/small-deployment-146, test-449s0c-1/medium-deployment-24, test-449s0c-6/medium-deployment-0, test-449s0c-4/small-deployment-0, test-449s0c-6/medium-deployment-17, test-449s0c-9/small-deployment-138, test-449s0c-6/small-deployment-170, test-449s0c-1/small-deployment-182, test-449s0c-7/small-deployment-59, test-449s0c-7/small-deployment-86, test-449s0c-7/medium-deployment-6, test-449s0c-7/small-deployment-17, test-449s0c-4/small-deployment-266, test-449s0c-2/small-deployment-259, test-449s0c-6/small-deployment-41, test-449s0c-7/medium-deployment-13, test-449s0c-4/small-deployment-148, test-449s0c-2/medium-deployment-20, test-a1er7g-4/medium-deployment-0, test-449s0c-7/small-deployment-169, test-449s0c-6/small-deployment-100, test-449s0c-1/small-deployment-166, test-449s0c-1/small-deployment-37, test-449s0c-6/small-deployment-178, test-449s0c-4/small-deployment-270, test-449s0c-6/small-deployment-214, test-449s0c-3/small-deployment-87, test-449s0c-7/small-deployment-77, test-449s0c-1/medium-deployment-22, test-449s0c-4/small-deployment-163, test-449s0c-2/small-deployment-298, test-449s0c-5/small-deployment-76, test-449s0c-9/small-deployment-280, test-449s0c-2/small-deployment-257, test-449s0c-7/small-deployment-279, test-449s0c-4/small-deployment-60, test-449s0c-9/small-deployment-289, test-449s0c-5/small-deployment-59, test-449s0c-8/medium-deployment-20, test-449s0c-9/small-deployment-158, test-449s0c-9/small-deployment-243, test-449s0c-3/small-deployment-25, test-449s0c-9/medium-deployment-23, test-449s0c-7/small-deployment-31, test-449s0c-3/medium-deployment-12, test-449s0c-8/small-deployment-117, test-449s0c-7/small-deployment-53&#xA;measurement call WaitForControlledPodsRunning - WaitForRunningDeployments error: 83 objects timed out: Deployments: test-449s0c-8/medium-deployment-0, test-449s0c-4/medium-deployment-17, test-449s0c-7/small-deployment-298, test-449s0c-5/small-deployment-128, test-449s0c-4/medium-deployment-14, test-449s0c-8/small-deployment-223, test-449s0c-9/small-deployment-81, test-449s0c-6/small-deployment-155, test-449s0c-1/medium-deployment-24, test-449s0c-6/medium-deployment-0, test-449s0c-4/small-deployment-0, test-449s0c-6/medium-deployment-17, test-449s0c-9/small-deployment-138, test-449s0c-6/small-deployment-170, test-449s0c-1/small-deployment-182, test-449s0c-7/small-deployment-59, test-449s0c-7/small-deployment-86, test-449s0c-7/medium-deployment-6, test-449s0c-7/small-deployment-17, test-449s0c-4/small-deployment-266, test-449s0c-2/small-deployment-259, test-449s0c-6/small-deployment-41, test-449s0c-7/medium-deployment-13, test-449s0c-4/small-deployment-148, test-449s0c-2/medium-deployment-20, test-449s0c-7/small-deployment-169, test-449s0c-6/small-deployment-100, test-449s0c-1/small-deployment-166, test-449s0c-1/small-deployment-37, test-449s0c-6/small-deployment-178, test-449s0c-4/small-deployment-270, test-449s0c-6/small-deployment-214, test-449s0c-3/small-deployment-87, test-449s0c-7/small-deployment-77, test-449s0c-1/medium-deployment-22, test-449s0c-4/small-deployment-163, test-449s0c-2/small-deployment-298, test-449s0c-5/small-deployment-76, test-449s0c-9/small-deployment-280, test-449s0c-2/small-deployment-257, test-449s0c-7/small-deployment-279, test-449s0c-4/small-deployment-60, test-449s0c-9/small-deployment-289, test-a1er7g-6/small-deployment-259, test-449s0c-5/small-deployment-59, test-449s0c-8/medium-deployment-20, test-449s0c-9/small-deployment-158, test-449s0c-9/small-deployment-243, test-449s0c-3/small-deployment-25, test-a1er7g-1/small-deployment-104, test-449s0c-9/medium-deployment-23, test-449s0c-7/small-deployment-31, test-449s0c-3/medium-deployment-12, test-449s0c-8/small-deployment-117, test-449s0c-7/small-deployment-53, test-a1er7g-7/small-deployment-277, test-449s0c-3/small-deployment-145, test-449s0c-2/small-deployment-39, test-449s0c-5/small-deployment-34, test-449s0c-3/small-deployment-84, test-449s0c-8/small-deployment-272, test-449s0c-3/big-deployment-2, test-449s0c-6/small-deployment-98, test-449s0c-7/small-deployment-214, test-449s0c-9/small-deployment-256, test-449s0c-5/medium-deployment-0, test-449s0c-5/small-deployment-72, test-449s0c-3/small-deployment-186, test-449s0c-5/small-deployment-167, test-449s0c-9/small-deployment-174, test-449s0c-4/small-deployment-91, test-449s0c-5/small-deployment-187, test-449s0c-8/small-deployment-122, test-449s0c-4/small-deployment-81, test-449s0c-5/small-deployment-42, test-449s0c-1/small-deployment-115, test-449s0c-9/small-deployment-154, test-449s0c-3/medium-deployment-0, test-449s0c-8/medium-deployment-2, test-449s0c-6/medium-deployment-3, test-449s0c-9/small-deployment-186, test-449s0c-7/small-deployment-111, test-449s0c-6/small-deployment-240&#xA;measurement call TestMetrics - TestMetrics error: [start needs to be executed before gather]]&#xA;:0</failure>
      </testcase>
      <testcase name="load: [step: 01] Starting measurements" classname="ClusterLoaderV2" time="91.259539885">
          <failure type="Failure">:0&#xA;[measurement call TestMetrics - TestMetrics error: [Stream error http2.StreamError{StreamID:0x25, Code:0x2, Cause:error(nil)} when reading response body, may be caused by closed connection. Please retry.]]&#xA;:0</failure>
      </testcase>
      <testcase name="load: [step: 02] Creating SVCs" classname="ClusterLoaderV2" time="398.893638202"></testcase>
      <testcase name="load: [step: 03] Starting measurement for waiting for pods" classname="ClusterLoaderV2" time="2.800348573"></testcase>
      <testcase name="load: [step: 04] Creating objects" classname="ClusterLoaderV2" time="2698.729106141"></testcase>
      <testcase name="load: [step: 05] Waiting for pods to be running" classname="ClusterLoaderV2" time="608.400652188">
          <failure type="Failure">:0&#xA;[measurement call WaitForControlledPodsRunning - WaitForRunningDeployments error: 137 objects timed out: Deployments: test-449s0c-4/small-deployment-81, test-449s0c-5/small-deployment-42, test-449s0c-1/small-deployment-115, test-a1er7g-5/medium-deployment-21, test-449s0c-9/small-deployment-154, test-a1er7g-1/small-deployment-109, test-449s0c-3/medium-deployment-0, test-a1er7g-3/small-deployment-118, test-449s0c-8/medium-deployment-2, test-449s0c-6/medium-deployment-3, test-a1er7g-2/medium-deployment-18, test-a1er7g-7/small-deployment-132, test-449s0c-9/small-deployment-186, test-a1er7g-1/small-deployment-13, test-a1er7g-1/small-deployment-134, test-449s0c-7/small-deployment-111, test-a1er7g-1/small-deployment-139, test-449s0c-6/small-deployment-240, test-449s0c-8/medium-deployment-0, test-a1er7g-1/big-deployment-2, test-449s0c-4/medium-deployment-17, test-449s0c-7/small-deployment-298, test-449s0c-5/small-deployment-128, test-449s0c-4/medium-deployment-14, test-a1er7g-2/small-deployment-35, test-449s0c-8/small-deployment-223, test-a1er7g-6/small-deployment-88, test-449s0c-9/small-deployment-81, test-449s0c-6/small-deployment-155, test-a1er7g-1/small-deployment-0, test-a1er7g-1/small-deployment-146, test-a1er7g-3/small-deployment-282, test-449s0c-1/medium-deployment-24, test-a1er7g-9/small-deployment-170, test-a1er7g-7/small-deployment-198, test-449s0c-6/medium-deployment-0, test-449s0c-4/small-deployment-0, test-449s0c-6/medium-deployment-17, test-a1er7g-8/small-deployment-47, test-449s0c-9/small-deployment-138, test-449s0c-6/small-deployment-170, test-a1er7g-6/small-deployment-0, test-449s0c-1/small-deployment-182, test-449s0c-7/small-deployment-59, test-449s0c-7/small-deployment-86, test-449s0c-7/medium-deployment-6, test-449s0c-7/small-deployment-17, test-449s0c-4/small-deployment-266, test-a1er7g-4/medium-deployment-11, test-449s0c-2/small-deployment-259, test-449s0c-6/small-deployment-41, test-a1er7g-9/medium-deployment-4, test-a1er7g-9/small-deployment-106, test-a1er7g-5/small-deployment-190, test-449s0c-7/medium-deployment-13, test-a1er7g-7/small-deployment-269, test-449s0c-4/small-deployment-148, test-449s0c-2/medium-deployment-20, test-a1er7g-4/small-deployment-212, test-a1er7g-4/medium-deployment-0, test-a1er7g-3/small-deployment-138, test-449s0c-7/small-deployment-169, test-a1er7g-8/medium-deployment-1, test-449s0c-6/small-deployment-100, test-449s0c-1/small-deployment-166, test-449s0c-1/small-deployment-37, test-449s0c-6/small-deployment-178, test-449s0c-4/small-deployment-270, test-449s0c-6/small-deployment-214, test-449s0c-3/small-deployment-87, test-449s0c-7/small-deployment-77, test-a1er7g-2/medium-deployment-12, test-449s0c-1/medium-deployment-22, test-a1er7g-4/small-deployment-112, test-a1er7g-7/medium-deployment-11, test-a1er7g-5/big-deployment-1, test-449s0c-4/small-deployment-163, test-449s0c-2/small-deployment-298, test-a1er7g-5/small-deployment-194, test-a1er7g-4/small-deployment-259, test-449s0c-5/small-deployment-76, test-449s0c-9/small-deployment-280, test-a1er7g-2/medium-deployment-23, test-a1er7g-4/medium-deployment-13, test-a1er7g-7/small-deployment-298, test-a1er7g-2/small-deployment-240, test-a1er7g-9/medium-deployment-21, test-449s0c-2/small-deployment-257, test-449s0c-7/small-deployment-279, test-a1er7g-3/medium-deployment-16, test-a1er7g-5/small-deployment-259, test-a1er7g-2/small-deployment-140, test-449s0c-4/small-deployment-60, test-449s0c-9/small-deployment-289, test-449s0c-5/small-deployment-59, test-a1er7g-6/small-deployment-30, test-a1er7g-4/small-deployment-53, test-449s0c-8/medium-deployment-20, test-449s0c-9/small-deployment-158, test-449s0c-9/small-deployment-243, test-449s0c-3/small-deployment-25, test-449s0c-9/medium-deployment-23, test-a1er7g-2/big-deployment-0, test-449s0c-7/small-deployment-31, test-a1er7g-4/small-deployment-131, test-a1er7g-7/small-deployment-195, test-a1er7g-7/small-deployment-32, test-a1er7g-4/small-deployment-144, test-449s0c-3/medium-deployment-12, test-a1er7g-5/small-deployment-293, test-a1er7g-8/small-deployment-201, test-449s0c-8/small-deployment-117, test-449s0c-7/small-deployment-53, test-a1er7g-8/small-deployment-112, test-a1er7g-3/small-deployment-299, test-a1er7g-2/small-deployment-112, test-a1er7g-4/small-deployment-152, test-449s0c-3/small-deployment-145, test-a1er7g-5/small-deployment-17, test-449s0c-2/small-deployment-39, test-449s0c-5/small-deployment-34, test-449s0c-3/small-deployment-84, test-a1er7g-8/small-deployment-295, test-449s0c-8/small-deployment-272, test-449s0c-3/big-deployment-2, test-449s0c-6/small-deployment-98, test-449s0c-7/small-deployment-214, test-449s0c-9/small-deployment-256, test-449s0c-5/medium-deployment-0, test-449s0c-5/small-deployment-72, test-449s0c-3/small-deployment-186, test-449s0c-5/small-deployment-167, test-449s0c-9/small-deployment-174, test-449s0c-4/small-deployment-91, test-a1er7g-9/small-deployment-172, test-449s0c-5/small-deployment-187, test-449s0c-8/small-deployment-122]&#xA;:0</failure>
      </testcase>
      <testcase name="load: [step: 06] Scaling and updating objects" classname="ClusterLoaderV2" time="678.02765753"></testcase>
      <testcase name="load: [step: 07] Waiting for objects to become scaled" classname="ClusterLoaderV2" time="71.326568956">
          <failure type="Failure">:0&#xA;[measurement call WaitForControlledPodsRunning - WaitForRunningDeployments error: 83 objects timed out: Deployments: test-449s0c-3/small-deployment-145, test-449s0c-2/small-deployment-39, test-449s0c-5/small-deployment-34, test-449s0c-3/small-deployment-84, test-449s0c-8/small-deployment-272, test-449s0c-3/big-deployment-2, test-449s0c-6/small-deployment-98, test-449s0c-7/small-deployment-214, test-449s0c-9/small-deployment-256, test-449s0c-5/medium-deployment-0, test-449s0c-5/small-deployment-72, test-449s0c-3/small-deployment-186, test-449s0c-5/small-deployment-167, test-449s0c-9/small-deployment-174, test-449s0c-4/small-deployment-91, test-449s0c-5/small-deployment-187, test-449s0c-8/small-deployment-122, test-449s0c-4/small-deployment-81, test-449s0c-5/small-deployment-42, test-449s0c-1/small-deployment-115, test-449s0c-9/small-deployment-154, test-449s0c-3/medium-deployment-0, test-a1er7g-3/small-deployment-118, test-449s0c-8/medium-deployment-2, test-449s0c-6/medium-deployment-3, test-449s0c-9/small-deployment-186, test-449s0c-7/small-deployment-111, test-449s0c-6/small-deployment-240, test-449s0c-8/medium-deployment-0, test-449s0c-4/medium-deployment-17, test-449s0c-7/small-deployment-298, test-449s0c-5/small-deployment-128, test-449s0c-4/medium-deployment-14, test-449s0c-8/small-deployment-223, test-449s0c-9/small-deployment-81, test-449s0c-6/small-deployment-155, test-a1er7g-1/small-deployment-146, test-449s0c-1/medium-deployment-24, test-449s0c-6/medium-deployment-0, test-449s0c-4/small-deployment-0, test-449s0c-6/medium-deployment-17, test-449s0c-9/small-deployment-138, test-449s0c-6/small-deployment-170, test-449s0c-1/small-deployment-182, test-449s0c-7/small-deployment-59, test-449s0c-7/small-deployment-86, test-449s0c-7/medium-deployment-6, test-449s0c-7/small-deployment-17, test-449s0c-4/small-deployment-266, test-449s0c-2/small-deployment-259, test-449s0c-6/small-deployment-41, test-449s0c-7/medium-deployment-13, test-449s0c-4/small-deployment-148, test-449s0c-2/medium-deployment-20, test-a1er7g-4/medium-deployment-0, test-449s0c-7/small-deployment-169, test-449s0c-6/small-deployment-100, test-449s0c-1/small-deployment-166, test-449s0c-1/small-deployment-37, test-449s0c-6/small-deployment-178, test-449s0c-4/small-deployment-270, test-449s0c-6/small-deployment-214, test-449s0c-3/small-deployment-87, test-449s0c-7/small-deployment-77, test-449s0c-1/medium-deployment-22, test-449s0c-4/small-deployment-163, test-449s0c-2/small-deployment-298, test-449s0c-5/small-deployment-76, test-449s0c-9/small-deployment-280, test-449s0c-2/small-deployment-257, test-449s0c-7/small-deployment-279, test-449s0c-4/small-deployment-60, test-449s0c-9/small-deployment-289, test-449s0c-5/small-deployment-59, test-449s0c-8/medium-deployment-20, test-449s0c-9/small-deployment-158, test-449s0c-9/small-deployment-243, test-449s0c-3/small-deployment-25, test-449s0c-9/medium-deployment-23, test-449s0c-7/small-deployment-31, test-449s0c-3/medium-deployment-12, test-449s0c-8/small-deployment-117, test-449s0c-7/small-deployment-53]&#xA;:0</failure>
      </testcase>
      <testcase name="load: [step: 08] Deleting objects" classname="ClusterLoaderV2" time="2699.48454923"></testcase>
      <testcase name="load: [step: 09] Waiting for pods to be deleted" classname="ClusterLoaderV2" time="351.005502325">
          <failure type="Failure">:0&#xA;[measurement call WaitForControlledPodsRunning - WaitForRunningDeployments error: 83 objects timed out: Deployments: test-449s0c-8/medium-deployment-0, test-449s0c-4/medium-deployment-17, test-449s0c-7/small-deployment-298, test-449s0c-5/small-deployment-128, test-449s0c-4/medium-deployment-14, test-449s0c-8/small-deployment-223, test-449s0c-9/small-deployment-81, test-449s0c-6/small-deployment-155, test-449s0c-1/medium-deployment-24, test-449s0c-6/medium-deployment-0, test-449s0c-4/small-deployment-0, test-449s0c-6/medium-deployment-17, test-449s0c-9/small-deployment-138, test-449s0c-6/small-deployment-170, test-449s0c-1/small-deployment-182, test-449s0c-7/small-deployment-59, test-449s0c-7/small-deployment-86, test-449s0c-7/medium-deployment-6, test-449s0c-7/small-deployment-17, test-449s0c-4/small-deployment-266, test-449s0c-2/small-deployment-259, test-449s0c-6/small-deployment-41, test-449s0c-7/medium-deployment-13, test-449s0c-4/small-deployment-148, test-449s0c-2/medium-deployment-20, test-449s0c-7/small-deployment-169, test-449s0c-6/small-deployment-100, test-449s0c-1/small-deployment-166, test-449s0c-1/small-deployment-37, test-449s0c-6/small-deployment-178, test-449s0c-4/small-deployment-270, test-449s0c-6/small-deployment-214, test-449s0c-3/small-deployment-87, test-449s0c-7/small-deployment-77, test-449s0c-1/medium-deployment-22, test-449s0c-4/small-deployment-163, test-449s0c-2/small-deployment-298, test-449s0c-5/small-deployment-76, test-449s0c-9/small-deployment-280, test-449s0c-2/small-deployment-257, test-449s0c-7/small-deployment-279, test-449s0c-4/small-deployment-60, test-449s0c-9/small-deployment-289, test-a1er7g-6/small-deployment-259, test-449s0c-5/small-deployment-59, test-449s0c-8/medium-deployment-20, test-449s0c-9/small-deployment-158, test-449s0c-9/small-deployment-243, test-449s0c-3/small-deployment-25, test-a1er7g-1/small-deployment-104, test-449s0c-9/medium-deployment-23, test-449s0c-7/small-deployment-31, test-449s0c-3/medium-deployment-12, test-449s0c-8/small-deployment-117, test-449s0c-7/small-deployment-53, test-a1er7g-7/small-deployment-277, test-449s0c-3/small-deployment-145, test-449s0c-2/small-deployment-39, test-449s0c-5/small-deployment-34, test-449s0c-3/small-deployment-84, test-449s0c-8/small-deployment-272, test-449s0c-3/big-deployment-2, test-449s0c-6/small-deployment-98, test-449s0c-7/small-deployment-214, test-449s0c-9/small-deployment-256, test-449s0c-5/medium-deployment-0, test-449s0c-5/small-deployment-72, test-449s0c-3/small-deployment-186, test-449s0c-5/small-deployment-167, test-449s0c-9/small-deployment-174, test-449s0c-4/small-deployment-91, test-449s0c-5/small-deployment-187, test-449s0c-8/small-deployment-122, test-449s0c-4/small-deployment-81, test-449s0c-5/small-deployment-42, test-449s0c-1/small-deployment-115, test-449s0c-9/small-deployment-154, test-449s0c-3/medium-deployment-0, test-449s0c-8/medium-deployment-2, test-449s0c-6/medium-deployment-3, test-449s0c-9/small-deployment-186, test-449s0c-7/small-deployment-111, test-449s0c-6/small-deployment-240]&#xA;:0</failure>
      </testcase>
      <testcase name="load: [step: 10] Deleting SVCs" classname="ClusterLoaderV2" time="325.501123463"></testcase>
      <testcase name="load: [step: 11] Collecting measurements" classname="ClusterLoaderV2" time="13.045984155">
          <failure type="Failure">:0&#xA;[measurement call TestMetrics - TestMetrics error: [start needs to be executed before gather]]&#xA;:0</failure>
      </testcase>
  </testsuite>